[debug] [2018-12-19T17:44:31.604Z] ----------------------------------------------------------------------
[debug] [2018-12-19T17:44:31.604Z] Command:       C:\Program Files\nodejs\node.exe C:\Users\hyago\AppData\Roaming\npm\node_modules\firebase-tools\lib\bin\firebase.js serve
[debug] [2018-12-19T17:44:31.604Z] CLI Version:   6.0.0
[debug] [2018-12-19T17:44:31.604Z] Platform:      win32
[debug] [2018-12-19T17:44:31.604Z] Node Version:  v8.11.3
[debug] [2018-12-19T17:44:31.604Z] Time:          Wed Dec 19 2018 15:44:31 GMT-0200 (Horário brasileiro de verão)
[debug] [2018-12-19T17:44:31.604Z] ----------------------------------------------------------------------
[debug] 
[debug] [2018-12-19T17:44:31.619Z] > command requires scopes: ["email","openid","https://www.googleapis.com/auth/cloudplatformprojects.readonly","https://www.googleapis.com/auth/firebase","https://www.googleapis.com/auth/cloud-platform"]
[debug] [2018-12-19T17:44:31.619Z] > authorizing via signed-in user
[debug] [2018-12-19T17:44:31.619Z] [iam] checking project apoema-portfolio for permissions ["firebase.projects.get"]
[debug] [2018-12-19T17:44:31.619Z] >>> HTTP REQUEST POST https://cloudresourcemanager.googleapis.com/v1/projects/apoema-portfolio:testIamPermissions  

[debug] [2018-12-19T17:44:32.635Z] <<< HTTP RESPONSE 200
[debug] [2018-12-19T17:44:32.651Z] >>> HTTP REQUEST GET https://cloudresourcemanager.googleapis.com/v1/projects/apoema-portfolio  
 
[debug] [2018-12-19T17:44:33.602Z] <<< HTTP RESPONSE 200
[info] 
[info] === Serving from 'C:\Users\hyago\Desktop\ppinf'...
[info] 
[info] i  functions: Preparing to emulate functions.
[debug] [2018-12-19T17:44:34.449Z] Fetching environment
[debug] [2018-12-19T17:44:34.465Z] >>> HTTP REQUEST GET https://mobilesdk-pa.googleapis.com/v1/projects/208002887678:getServerAppConfig  
 
[debug] [2018-12-19T17:44:34.465Z] >>> HTTP REQUEST GET https://mobilesdk-pa.googleapis.com/v1/projects/208002887678/clients/_:getWebAppConfig  
 
[debug] [2018-12-19T17:44:34.864Z] <<< HTTP RESPONSE 200
[debug] [2018-12-19T17:44:34.864Z] Starting @google-cloud/functions-emulator
[debug] [2018-12-19T17:44:34.937Z] <<< HTTP RESPONSE 200
[info] i  hosting: Serving hosting files from: dist/ppinf
[info] +  hosting: Local server: http://localhost:5000
[debug] [2018-12-19T17:44:37.093Z] Parsing function triggers
[info] +  functions: enviarEmail2: http://localhost:5001/apoema-portfolio/us-central1/enviarEmail2
